app/build/intermediates/manifest_merge_blame_file/debug/processDebugMainManifest/manifest-merger-blame-debug-report.txt
1<?xml version="1.0" encoding="utf-8"?>
2<manifest xmlns:android="http://schemas.android.com/apk/res/android"
3    package="com.estholon.firebaseauthentication.debug"
4    android:versionCode="1"
5    android:versionName="1.0" >
6
7    <uses-sdk
8        android:minSdkVersion="34"
9        android:targetSdkVersion="34" />
10
11    <uses-permission android:name="android.permission.INTERNET" />
11-->src/main/AndroidManifest.xml:5:5-66
11-->src/main/AndroidManifest.xml:5:22-64
12    <uses-permission android:name="android.permission.ACCESS_NETWORK_STATE" />
12-->[com.google.firebase:firebase-auth:23.2.1] AndroidManifest.xml:26:5-79
12-->[com.google.firebase:firebase-auth:23.2.1] AndroidManifest.xml:26:22-76
13
14    <queries>
14-->[com.facebook.android:facebook-common:18.1.3] AndroidManifest.xml:15:5-17:15
15        <package android:name="com.facebook.katana" />
15-->[com.facebook.android:facebook-common:18.1.3] AndroidManifest.xml:16:9-55
15-->[com.facebook.android:facebook-common:18.1.3] AndroidManifest.xml:16:18-52
16    </queries>
17
18    <uses-permission android:name="android.permission.WAKE_LOCK" />
18-->[com.google.android.gms:play-services-measurement-api:22.4.0] AndroidManifest.xml:24:5-68
18-->[com.google.android.gms:play-services-measurement-api:22.4.0] AndroidManifest.xml:24:22-65
19    <uses-permission android:name="com.google.android.gms.permission.AD_ID" />
19-->[com.google.android.gms:play-services-measurement-api:22.4.0] AndroidManifest.xml:25:5-79
19-->[com.google.android.gms:play-services-measurement-api:22.4.0] AndroidManifest.xml:25:22-76
20    <uses-permission android:name="android.permission.ACCESS_ADSERVICES_ATTRIBUTION" />
20-->[com.google.android.gms:play-services-measurement-api:22.4.0] AndroidManifest.xml:26:5-88
20-->[com.google.android.gms:play-services-measurement-api:22.4.0] AndroidManifest.xml:26:22-85
21    <uses-permission android:name="android.permission.ACCESS_ADSERVICES_AD_ID" />
21-->[com.google.android.gms:play-services-measurement-api:22.4.0] AndroidManifest.xml:27:5-82
21-->[com.google.android.gms:play-services-measurement-api:22.4.0] AndroidManifest.xml:27:22-79
22    <uses-permission android:name="com.google.android.finsky.permission.BIND_GET_INSTALL_REFERRER_SERVICE" />
22-->[com.google.android.gms:play-services-measurement:22.4.0] AndroidManifest.xml:26:5-110
22-->[com.google.android.gms:play-services-measurement:22.4.0] AndroidManifest.xml:26:22-107
23    <uses-permission android:name="com.google.android.providers.gsf.permission.READ_GSERVICES" />
23-->[com.google.android.recaptcha:recaptcha:18.6.1] AndroidManifest.xml:9:5-98
23-->[com.google.android.recaptcha:recaptcha:18.6.1] AndroidManifest.xml:9:22-95
24    <uses-permission android:name="android.permission.ACCESS_ADSERVICES_CUSTOM_AUDIENCE" />
24-->[com.facebook.android:facebook-core:18.1.3] AndroidManifest.xml:18:5-92
24-->[com.facebook.android:facebook-core:18.1.3] AndroidManifest.xml:18:22-89
25    <uses-permission android:name="android.permission.ACCESS_ADSERVICES_TOPICS" />
25-->[com.facebook.android:facebook-core:18.1.3] AndroidManifest.xml:19:5-83
25-->[com.facebook.android:facebook-core:18.1.3] AndroidManifest.xml:19:22-80
26
27    <permission
27-->[androidx.core:core:1.16.0] AndroidManifest.xml:22:5-24:47
28        android:name="com.estholon.firebaseauthentication.debug.DYNAMIC_RECEIVER_NOT_EXPORTED_PERMISSION"
28-->[androidx.core:core:1.16.0] AndroidManifest.xml:23:9-81
29        android:protectionLevel="signature" />
29-->[androidx.core:core:1.16.0] AndroidManifest.xml:24:9-44
30
31    <uses-permission android:name="com.estholon.firebaseauthentication.debug.DYNAMIC_RECEIVER_NOT_EXPORTED_PERMISSION" />
31-->[androidx.core:core:1.16.0] AndroidManifest.xml:26:5-97
31-->[androidx.core:core:1.16.0] AndroidManifest.xml:26:22-94
32
33    <application
33-->src/main/AndroidManifest.xml:7:5-51:19
34        android:name="com.estholon.firebaseauthentication.FirebaseAuthenticationApp"
34-->src/main/AndroidManifest.xml:8:9-50
35        android:allowBackup="true"
35-->src/main/AndroidManifest.xml:9:9-35
36        android:appComponentFactory="androidx.core.app.CoreComponentFactory"
36-->[androidx.core:core:1.16.0] AndroidManifest.xml:28:18-86
37        android:dataExtractionRules="@xml/data_extraction_rules"
37-->src/main/AndroidManifest.xml:10:9-65
38        android:debuggable="true"
39        android:extractNativeLibs="false"
40        android:fullBackupContent="@xml/backup_rules"
40-->src/main/AndroidManifest.xml:11:9-54
41        android:icon="@mipmap/ic_launcher"
41-->src/main/AndroidManifest.xml:12:9-43
42        android:label="@string/app_name"
42-->src/main/AndroidManifest.xml:13:9-41
43        android:roundIcon="@mipmap/ic_launcher_round"
43-->src/main/AndroidManifest.xml:14:9-54
44        android:supportsRtl="true"
44-->src/main/AndroidManifest.xml:15:9-35
45        android:testOnly="true"
46        android:theme="@style/Theme.FirebaseAuthentication" >
46-->src/main/AndroidManifest.xml:16:9-60
47        <activity
47-->src/main/AndroidManifest.xml:19:9-26:20
48            android:name="com.estholon.firebaseauthentication.ui.screens.MainActivity"
48-->src/main/AndroidManifest.xml:20:13-52
49            android:exported="true" >
49-->src/main/AndroidManifest.xml:21:13-36
50            <intent-filter>
50-->src/main/AndroidManifest.xml:22:13-25:29
51                <action android:name="android.intent.action.MAIN" />
51-->src/main/AndroidManifest.xml:23:17-69
51-->src/main/AndroidManifest.xml:23:25-66
52
53                <category android:name="android.intent.category.LAUNCHER" />
53-->src/main/AndroidManifest.xml:24:17-77
53-->src/main/AndroidManifest.xml:24:27-74
54            </intent-filter>
55        </activity>
56
57        <!-- Facebook -->
58
59        <meta-data
59-->src/main/AndroidManifest.xml:30:9-31:54
60            android:name="com.facebook.sdk.ApplicationId"
60-->src/main/AndroidManifest.xml:30:20-65
61            android:value="@string/facebook_app_id" />
61-->src/main/AndroidManifest.xml:31:13-52
62        <meta-data
62-->src/main/AndroidManifest.xml:32:9-33:60
63            android:name="com.facebook.sdk.ClientToken"
63-->src/main/AndroidManifest.xml:32:20-63
64            android:value="@string/facebook_client_token" />
64-->src/main/AndroidManifest.xml:33:13-58
65
66        <activity
66-->src/main/AndroidManifest.xml:36:9-39:48
67            android:name="com.facebook.FacebookActivity"
67-->src/main/AndroidManifest.xml:36:19-63
68            android:configChanges="keyboard|keyboardHidden|screenLayout|screenSize|orientation"
68-->src/main/AndroidManifest.xml:37:13-113
69            android:label="@string/app_name"
69-->src/main/AndroidManifest.xml:39:13-45
70            android:theme="@style/com_facebook_activity_theme" />
70-->[com.facebook.android:facebook-common:18.1.3] AndroidManifest.xml:23:13-63
71        <activity
71-->src/main/AndroidManifest.xml:40:9-49:20
72            android:name="com.facebook.CustomTabActivity"
72-->src/main/AndroidManifest.xml:41:13-58
73            android:exported="true" >
73-->src/main/AndroidManifest.xml:42:13-36
74            <intent-filter>
74-->src/main/AndroidManifest.xml:43:13-48:29
75                <action android:name="android.intent.action.VIEW" />
75-->src/main/AndroidManifest.xml:44:17-69
75-->src/main/AndroidManifest.xml:44:25-66
76
77                <category android:name="android.intent.category.DEFAULT" />
77-->src/main/AndroidManifest.xml:45:17-76
77-->src/main/AndroidManifest.xml:45:27-73
78                <category android:name="android.intent.category.BROWSABLE" />
78-->src/main/AndroidManifest.xml:46:17-78
78-->src/main/AndroidManifest.xml:46:27-75
79
80                <data android:scheme="@string/fb_login_protocol_scheme" />
80-->src/main/AndroidManifest.xml:47:17-75
80-->src/main/AndroidManifest.xml:47:23-72
81            </intent-filter>
82            <intent-filter>
82-->[com.facebook.android:facebook-common:18.1.3] AndroidManifest.xml:29:13-38:29
83                <action android:name="android.intent.action.VIEW" />
83-->src/main/AndroidManifest.xml:44:17-69
83-->src/main/AndroidManifest.xml:44:25-66
84
85                <category android:name="android.intent.category.DEFAULT" />
85-->src/main/AndroidManifest.xml:45:17-76
85-->src/main/AndroidManifest.xml:45:27-73
86                <category android:name="android.intent.category.BROWSABLE" />
86-->src/main/AndroidManifest.xml:46:17-78
86-->src/main/AndroidManifest.xml:46:27-75
87
88                <data
88-->src/main/AndroidManifest.xml:47:17-75
89                    android:host="cct.com.estholon.firebaseauthentication.debug"
90                    android:scheme="fbconnect" />
90-->src/main/AndroidManifest.xml:47:23-72
91            </intent-filter>
92        </activity>
93
94        <service
94-->[com.google.firebase:firebase-auth-ktx:23.2.1] AndroidManifest.xml:8:9-14:19
95            android:name="com.google.firebase.components.ComponentDiscoveryService"
95-->[com.google.firebase:firebase-auth-ktx:23.2.1] AndroidManifest.xml:9:13-84
96            android:directBootAware="true"
96-->[com.google.firebase:firebase-common:21.0.0] AndroidManifest.xml:32:13-43
97            android:exported="false" >
97-->[com.google.firebase:firebase-auth-ktx:23.2.1] AndroidManifest.xml:10:13-37
98            <meta-data
98-->[com.google.firebase:firebase-auth-ktx:23.2.1] AndroidManifest.xml:11:13-13:85
99                android:name="com.google.firebase.components:com.google.firebase.auth.ktx.FirebaseAuthLegacyRegistrar"
99-->[com.google.firebase:firebase-auth-ktx:23.2.1] AndroidManifest.xml:12:17-119
100                android:value="com.google.firebase.components.ComponentRegistrar" />
100-->[com.google.firebase:firebase-auth-ktx:23.2.1] AndroidManifest.xml:13:17-82
101            <meta-data
101-->[com.google.firebase:firebase-auth:23.2.1] AndroidManifest.xml:69:13-71:85
102                android:name="com.google.firebase.components:com.google.firebase.auth.FirebaseAuthRegistrar"
102-->[com.google.firebase:firebase-auth:23.2.1] AndroidManifest.xml:70:17-109
103                android:value="com.google.firebase.components.ComponentRegistrar" />
103-->[com.google.firebase:firebase-auth:23.2.1] AndroidManifest.xml:71:17-82
104            <meta-data
104-->[com.google.firebase:firebase-crashlytics:19.4.4] AndroidManifest.xml:15:13-17:85
105                android:name="com.google.firebase.components:com.google.firebase.crashlytics.FirebaseCrashlyticsKtxRegistrar"
105-->[com.google.firebase:firebase-crashlytics:19.4.4] AndroidManifest.xml:16:17-126
106                android:value="com.google.firebase.components.ComponentRegistrar" />
106-->[com.google.firebase:firebase-crashlytics:19.4.4] AndroidManifest.xml:17:17-82
107            <meta-data
107-->[com.google.firebase:firebase-crashlytics:19.4.4] AndroidManifest.xml:18:13-20:85
108                android:name="com.google.firebase.components:com.google.firebase.crashlytics.CrashlyticsRegistrar"
108-->[com.google.firebase:firebase-crashlytics:19.4.4] AndroidManifest.xml:19:17-115
109                android:value="com.google.firebase.components.ComponentRegistrar" />
109-->[com.google.firebase:firebase-crashlytics:19.4.4] AndroidManifest.xml:20:17-82
110            <meta-data
110-->[com.google.firebase:firebase-firestore-ktx:25.1.4] AndroidManifest.xml:12:13-14:85
111                android:name="com.google.firebase.components:com.google.firebase.firestore.ktx.FirebaseFirestoreLegacyRegistrar"
111-->[com.google.firebase:firebase-firestore-ktx:25.1.4] AndroidManifest.xml:13:17-129
112                android:value="com.google.firebase.components.ComponentRegistrar" />
112-->[com.google.firebase:firebase-firestore-ktx:25.1.4] AndroidManifest.xml:14:17-82
113            <meta-data
113-->[com.google.firebase:firebase-sessions:2.1.2] AndroidManifest.xml:29:13-31:85
114                android:name="com.google.firebase.components:com.google.firebase.sessions.FirebaseSessionsRegistrar"
114-->[com.google.firebase:firebase-sessions:2.1.2] AndroidManifest.xml:30:17-117
115                android:value="com.google.firebase.components.ComponentRegistrar" />
115-->[com.google.firebase:firebase-sessions:2.1.2] AndroidManifest.xml:31:17-82
116            <meta-data
116-->[com.google.android.gms:play-services-measurement-api:22.4.0] AndroidManifest.xml:33:13-35:85
117                android:name="com.google.firebase.components:com.google.firebase.analytics.connector.internal.AnalyticsConnectorRegistrar"
117-->[com.google.android.gms:play-services-measurement-api:22.4.0] AndroidManifest.xml:34:17-139
118                android:value="com.google.firebase.components.ComponentRegistrar" />
118-->[com.google.android.gms:play-services-measurement-api:22.4.0] AndroidManifest.xml:35:17-82
119            <meta-data
119-->[com.google.firebase:firebase-installations:18.0.0] AndroidManifest.xml:15:13-17:85
120                android:name="com.google.firebase.components:com.google.firebase.installations.FirebaseInstallationsKtxRegistrar"
120-->[com.google.firebase:firebase-installations:18.0.0] AndroidManifest.xml:16:17-130
121                android:value="com.google.firebase.components.ComponentRegistrar" />
121-->[com.google.firebase:firebase-installations:18.0.0] AndroidManifest.xml:17:17-82
122            <meta-data
122-->[com.google.firebase:firebase-installations:18.0.0] AndroidManifest.xml:18:13-20:85
123                android:name="com.google.firebase.components:com.google.firebase.installations.FirebaseInstallationsRegistrar"
123-->[com.google.firebase:firebase-installations:18.0.0] AndroidManifest.xml:19:17-127
124                android:value="com.google.firebase.components.ComponentRegistrar" />
124-->[com.google.firebase:firebase-installations:18.0.0] AndroidManifest.xml:20:17-82
125            <meta-data
125-->[com.google.firebase:firebase-firestore:25.1.4] AndroidManifest.xml:17:13-19:85
126                android:name="com.google.firebase.components:com.google.firebase.firestore.FirebaseFirestoreKtxRegistrar"
126-->[com.google.firebase:firebase-firestore:25.1.4] AndroidManifest.xml:18:17-122
127                android:value="com.google.firebase.components.ComponentRegistrar" />
127-->[com.google.firebase:firebase-firestore:25.1.4] AndroidManifest.xml:19:17-82
128            <meta-data
128-->[com.google.firebase:firebase-firestore:25.1.4] AndroidManifest.xml:20:13-22:85
129                android:name="com.google.firebase.components:com.google.firebase.firestore.FirestoreRegistrar"
129-->[com.google.firebase:firebase-firestore:25.1.4] AndroidManifest.xml:21:17-111
130                android:value="com.google.firebase.components.ComponentRegistrar" />
130-->[com.google.firebase:firebase-firestore:25.1.4] AndroidManifest.xml:22:17-82
131            <meta-data
131-->[com.google.firebase:firebase-common-ktx:21.0.0] AndroidManifest.xml:12:13-14:85
132                android:name="com.google.firebase.components:com.google.firebase.ktx.FirebaseCommonLegacyRegistrar"
132-->[com.google.firebase:firebase-common-ktx:21.0.0] AndroidManifest.xml:13:17-116
133                android:value="com.google.firebase.components.ComponentRegistrar" />
133-->[com.google.firebase:firebase-common-ktx:21.0.0] AndroidManifest.xml:14:17-82
134            <meta-data
134-->[com.google.firebase:firebase-common:21.0.0] AndroidManifest.xml:35:13-37:85
135                android:name="com.google.firebase.components:com.google.firebase.FirebaseCommonKtxRegistrar"
135-->[com.google.firebase:firebase-common:21.0.0] AndroidManifest.xml:36:17-109
136                android:value="com.google.firebase.components.ComponentRegistrar" />
136-->[com.google.firebase:firebase-common:21.0.0] AndroidManifest.xml:37:17-82
137            <meta-data
137-->[com.google.firebase:firebase-datatransport:19.0.0] AndroidManifest.xml:25:13-27:85
138                android:name="com.google.firebase.components:com.google.firebase.datatransport.TransportRegistrar"
138-->[com.google.firebase:firebase-datatransport:19.0.0] AndroidManifest.xml:26:17-115
139                android:value="com.google.firebase.components.ComponentRegistrar" />
139-->[com.google.firebase:firebase-datatransport:19.0.0] AndroidManifest.xml:27:17-82
140        </service>
141
142        <activity
142-->[com.google.firebase:firebase-auth:23.2.1] AndroidManifest.xml:29:9-46:20
143            android:name="com.google.firebase.auth.internal.GenericIdpActivity"
143-->[com.google.firebase:firebase-auth:23.2.1] AndroidManifest.xml:30:13-80
144            android:excludeFromRecents="true"
144-->[com.google.firebase:firebase-auth:23.2.1] AndroidManifest.xml:31:13-46
145            android:exported="true"
145-->[com.google.firebase:firebase-auth:23.2.1] AndroidManifest.xml:32:13-36
146            android:launchMode="singleTask"
146-->[com.google.firebase:firebase-auth:23.2.1] AndroidManifest.xml:33:13-44
147            android:theme="@android:style/Theme.Translucent.NoTitleBar" >
147-->[com.google.firebase:firebase-auth:23.2.1] AndroidManifest.xml:34:13-72
148            <intent-filter>
148-->[com.google.firebase:firebase-auth:23.2.1] AndroidManifest.xml:35:13-45:29
149                <action android:name="android.intent.action.VIEW" />
149-->src/main/AndroidManifest.xml:44:17-69
149-->src/main/AndroidManifest.xml:44:25-66
150
151                <category android:name="android.intent.category.DEFAULT" />
151-->src/main/AndroidManifest.xml:45:17-76
151-->src/main/AndroidManifest.xml:45:27-73
152                <category android:name="android.intent.category.BROWSABLE" />
152-->src/main/AndroidManifest.xml:46:17-78
152-->src/main/AndroidManifest.xml:46:27-75
153
154                <data
154-->src/main/AndroidManifest.xml:47:17-75
155                    android:host="firebase.auth"
156                    android:path="/"
157                    android:scheme="genericidp" />
157-->src/main/AndroidManifest.xml:47:23-72
158            </intent-filter>
159        </activity>
160        <activity
160-->[com.google.firebase:firebase-auth:23.2.1] AndroidManifest.xml:47:9-64:20
161            android:name="com.google.firebase.auth.internal.RecaptchaActivity"
161-->[com.google.firebase:firebase-auth:23.2.1] AndroidManifest.xml:48:13-79
162            android:excludeFromRecents="true"
162-->[com.google.firebase:firebase-auth:23.2.1] AndroidManifest.xml:49:13-46
163            android:exported="true"
163-->[com.google.firebase:firebase-auth:23.2.1] AndroidManifest.xml:50:13-36
164            android:launchMode="singleTask"
164-->[com.google.firebase:firebase-auth:23.2.1] AndroidManifest.xml:51:13-44
165            android:theme="@android:style/Theme.Translucent.NoTitleBar" >
165-->[com.google.firebase:firebase-auth:23.2.1] AndroidManifest.xml:52:13-72
166            <intent-filter>
166-->[com.google.firebase:firebase-auth:23.2.1] AndroidManifest.xml:53:13-63:29
167                <action android:name="android.intent.action.VIEW" />
167-->src/main/AndroidManifest.xml:44:17-69
167-->src/main/AndroidManifest.xml:44:25-66
168
169                <category android:name="android.intent.category.DEFAULT" />
169-->src/main/AndroidManifest.xml:45:17-76
169-->src/main/AndroidManifest.xml:45:27-73
170                <category android:name="android.intent.category.BROWSABLE" />
170-->src/main/AndroidManifest.xml:46:17-78
170-->src/main/AndroidManifest.xml:46:27-75
171
172                <data
172-->src/main/AndroidManifest.xml:47:17-75
173                    android:host="firebase.auth"
174                    android:path="/"
175                    android:scheme="recaptcha" />
175-->src/main/AndroidManifest.xml:47:23-72
176            </intent-filter>
177        </activity>
178
179        <service
179-->[androidx.credentials:credentials-play-services-auth:1.3.0] AndroidManifest.xml:24:9-32:19
180            android:name="androidx.credentials.playservices.CredentialProviderMetadataHolder"
180-->[androidx.credentials:credentials-play-services-auth:1.3.0] AndroidManifest.xml:25:13-94
181            android:enabled="true"
181-->[androidx.credentials:credentials-play-services-auth:1.3.0] AndroidManifest.xml:26:13-35
182            android:exported="false" >
182-->[androidx.credentials:credentials-play-services-auth:1.3.0] AndroidManifest.xml:27:13-37
183            <meta-data
183-->[androidx.credentials:credentials-play-services-auth:1.3.0] AndroidManifest.xml:29:13-31:104
184                android:name="androidx.credentials.CREDENTIAL_PROVIDER_KEY"
184-->[androidx.credentials:credentials-play-services-auth:1.3.0] AndroidManifest.xml:30:17-76
185                android:value="androidx.credentials.playservices.CredentialProviderPlayServicesImpl" />
185-->[androidx.credentials:credentials-play-services-auth:1.3.0] AndroidManifest.xml:31:17-101
186        </service>
187
188        <activity
188-->[androidx.credentials:credentials-play-services-auth:1.3.0] AndroidManifest.xml:34:9-41:20
189            android:name="androidx.credentials.playservices.HiddenActivity"
189-->[androidx.credentials:credentials-play-services-auth:1.3.0] AndroidManifest.xml:35:13-76
190            android:configChanges="orientation|screenSize|screenLayout|keyboardHidden"
190-->[androidx.credentials:credentials-play-services-auth:1.3.0] AndroidManifest.xml:36:13-87
191            android:enabled="true"
191-->[androidx.credentials:credentials-play-services-auth:1.3.0] AndroidManifest.xml:37:13-35
192            android:exported="false"
192-->[androidx.credentials:credentials-play-services-auth:1.3.0] AndroidManifest.xml:38:13-37
193            android:fitsSystemWindows="true"
193-->[androidx.credentials:credentials-play-services-auth:1.3.0] AndroidManifest.xml:39:13-45
194            android:theme="@style/Theme.Hidden" >
194-->[androidx.credentials:credentials-play-services-auth:1.3.0] AndroidManifest.xml:40:13-48
195        </activity>
196        <activity android:name="com.facebook.CustomTabMainActivity" />
196-->[com.facebook.android:facebook-common:18.1.3] AndroidManifest.xml:24:9-71
196-->[com.facebook.android:facebook-common:18.1.3] AndroidManifest.xml:24:19-68
197        <activity
197-->[com.google.android.gms:play-services-auth:21.1.1] AndroidManifest.xml:23:9-27:75
198            android:name="com.google.android.gms.auth.api.signin.internal.SignInHubActivity"
198-->[com.google.android.gms:play-services-auth:21.1.1] AndroidManifest.xml:24:13-93
199            android:excludeFromRecents="true"
199-->[com.google.android.gms:play-services-auth:21.1.1] AndroidManifest.xml:25:13-46
200            android:exported="false"
200-->[com.google.android.gms:play-services-auth:21.1.1] AndroidManifest.xml:26:13-37
201            android:theme="@android:style/Theme.Translucent.NoTitleBar" />
201-->[com.google.android.gms:play-services-auth:21.1.1] AndroidManifest.xml:27:13-72
202        <!--
203            Service handling Google Sign-In user revocation. For apps that do not integrate with
204            Google Sign-In, this service will never be started.
205        -->
206        <service
206-->[com.google.android.gms:play-services-auth:21.1.1] AndroidManifest.xml:33:9-37:51
207            android:name="com.google.android.gms.auth.api.signin.RevocationBoundService"
207-->[com.google.android.gms:play-services-auth:21.1.1] AndroidManifest.xml:34:13-89
208            android:exported="true"
208-->[com.google.android.gms:play-services-auth:21.1.1] AndroidManifest.xml:35:13-36
209            android:permission="com.google.android.gms.auth.api.signin.permission.REVOCATION_NOTIFICATION"
209-->[com.google.android.gms:play-services-auth:21.1.1] AndroidManifest.xml:36:13-107
210            android:visibleToInstantApps="true" />
210-->[com.google.android.gms:play-services-auth:21.1.1] AndroidManifest.xml:37:13-48
211        <service
211-->[com.google.firebase:firebase-sessions:2.1.2] AndroidManifest.xml:22:9-25:40
212            android:name="com.google.firebase.sessions.SessionLifecycleService"
212-->[com.google.firebase:firebase-sessions:2.1.2] AndroidManifest.xml:23:13-80
213            android:enabled="true"
213-->[com.google.firebase:firebase-sessions:2.1.2] AndroidManifest.xml:24:13-35
214            android:exported="false" />
214-->[com.google.firebase:firebase-sessions:2.1.2] AndroidManifest.xml:25:13-37
215
216        <provider
216-->[com.google.firebase:firebase-common:21.0.0] AndroidManifest.xml:23:9-28:39
217            android:name="com.google.firebase.provider.FirebaseInitProvider"
217-->[com.google.firebase:firebase-common:21.0.0] AndroidManifest.xml:24:13-77
218            android:authorities="com.estholon.firebaseauthentication.debug.firebaseinitprovider"
218-->[com.google.firebase:firebase-common:21.0.0] AndroidManifest.xml:25:13-72
219            android:directBootAware="true"
219-->[com.google.firebase:firebase-common:21.0.0] AndroidManifest.xml:26:13-43
220            android:exported="false"
220-->[com.google.firebase:firebase-common:21.0.0] AndroidManifest.xml:27:13-37
221            android:initOrder="100" />
221-->[com.google.firebase:firebase-common:21.0.0] AndroidManifest.xml:28:13-36
222
223        <receiver
223-->[com.google.android.gms:play-services-measurement:22.4.0] AndroidManifest.xml:29:9-33:20
224            android:name="com.google.android.gms.measurement.AppMeasurementReceiver"
224-->[com.google.android.gms:play-services-measurement:22.4.0] AndroidManifest.xml:30:13-85
225            android:enabled="true"
225-->[com.google.android.gms:play-services-measurement:22.4.0] AndroidManifest.xml:31:13-35
226            android:exported="false" >
226-->[com.google.android.gms:play-services-measurement:22.4.0] AndroidManifest.xml:32:13-37
227        </receiver>
228
229        <service
229-->[com.google.android.gms:play-services-measurement:22.4.0] AndroidManifest.xml:35:9-38:40
230            android:name="com.google.android.gms.measurement.AppMeasurementService"
230-->[com.google.android.gms:play-services-measurement:22.4.0] AndroidManifest.xml:36:13-84
231            android:enabled="true"
231-->[com.google.android.gms:play-services-measurement:22.4.0] AndroidManifest.xml:37:13-35
232            android:exported="false" />
232-->[com.google.android.gms:play-services-measurement:22.4.0] AndroidManifest.xml:38:13-37
233        <service
233-->[com.google.android.gms:play-services-measurement:22.4.0] AndroidManifest.xml:39:9-43:72
234            android:name="com.google.android.gms.measurement.AppMeasurementJobService"
234-->[com.google.android.gms:play-services-measurement:22.4.0] AndroidManifest.xml:40:13-87
235            android:enabled="true"
235-->[com.google.android.gms:play-services-measurement:22.4.0] AndroidManifest.xml:41:13-35
236            android:exported="false"
236-->[com.google.android.gms:play-services-measurement:22.4.0] AndroidManifest.xml:42:13-37
237            android:permission="android.permission.BIND_JOB_SERVICE" />
237-->[com.google.android.gms:play-services-measurement:22.4.0] AndroidManifest.xml:43:13-69
238
239        <activity
239-->[androidx.compose.ui:ui-tooling-android:1.8.3] AndroidManifest.xml:23:9-25:39
240            android:name="androidx.compose.ui.tooling.PreviewActivity"
240-->[androidx.compose.ui:ui-tooling-android:1.8.3] AndroidManifest.xml:24:13-71
241            android:exported="true" />
241-->[androidx.compose.ui:ui-tooling-android:1.8.3] AndroidManifest.xml:25:13-36
242        <activity
242-->[androidx.compose.ui:ui-test-manifest:1.8.3] AndroidManifest.xml:23:9-26:79
243            android:name="androidx.activity.ComponentActivity"
243-->[androidx.compose.ui:ui-test-manifest:1.8.3] AndroidManifest.xml:24:13-63
244            android:exported="true"
244-->[androidx.compose.ui:ui-test-manifest:1.8.3] AndroidManifest.xml:25:13-36
245            android:theme="@android:style/Theme.Material.Light.NoActionBar" />
245-->[androidx.compose.ui:ui-test-manifest:1.8.3] AndroidManifest.xml:26:13-76
246        <!--
247         The initialization ContentProvider will call FacebookSdk.sdkInitialize automatically
248         with the application context. This config is merged in with the host app's manifest,
249         but there can only be one provider with the same authority activated at any given
250         point; so if the end user has two or more different apps that use Facebook SDK, only the
251         first one will be able to use the provider. To work around this problem, we use the
252         following placeholder in the authority to identify each host application as if it was
253         a completely different provider.
254        -->
255        <provider
255-->[com.facebook.android:facebook-core:18.1.3] AndroidManifest.xml:32:9-35:40
256            android:name="com.facebook.internal.FacebookInitProvider"
256-->[com.facebook.android:facebook-core:18.1.3] AndroidManifest.xml:33:13-70
257            android:authorities="com.estholon.firebaseauthentication.debug.FacebookInitProvider"
257-->[com.facebook.android:facebook-core:18.1.3] AndroidManifest.xml:34:13-72
258            android:exported="false" />
258-->[com.facebook.android:facebook-core:18.1.3] AndroidManifest.xml:35:13-37
259
260        <receiver
260-->[com.facebook.android:facebook-core:18.1.3] AndroidManifest.xml:37:9-43:20
261            android:name="com.facebook.CurrentAccessTokenExpirationBroadcastReceiver"
261-->[com.facebook.android:facebook-core:18.1.3] AndroidManifest.xml:38:13-86
262            android:exported="false" >
262-->[com.facebook.android:facebook-core:18.1.3] AndroidManifest.xml:39:13-37
263            <intent-filter>
263-->[com.facebook.android:facebook-core:18.1.3] AndroidManifest.xml:40:13-42:29
264                <action android:name="com.facebook.sdk.ACTION_CURRENT_ACCESS_TOKEN_CHANGED" />
264-->[com.facebook.android:facebook-core:18.1.3] AndroidManifest.xml:41:17-95
264-->[com.facebook.android:facebook-core:18.1.3] AndroidManifest.xml:41:25-92
265            </intent-filter>
266        </receiver>
267        <receiver